<?xml version="1.0" encoding="UTF-8"?>
<!-- Generated by org.testng.reporters.JUnitReportReporter -->
<testsuite hostname="Yexle-IY0030" failures="0" tests="1" name="packages2.New" time="0.020" errors="0" timestamp="2023-12-18T13:01:23 IST" skipped="0">
  <testcase classname="packages2.New" name="methodA" time="0.020"/>
  <system-out/>
</testsuite> <!-- packages2.New -->
